[23:38:03] [main/INFO] (FabricLoader/GameProvider) Loading Minecraft 26.2 with Fabric Loader 0.19.3
[23:38:03] [main/INFO] (FabricLoader/Mappings) Mappings not present!
[23:38:03] [main/INFO] (FabricLoader) Loading 51 mods:
	- atelier 0.1.0
	- fabric-api 0.152.2+26.2
	- fabric-api-base 2.0.4+ece063239e
	- fabric-api-lookup-api-v1 2.0.17+11e1c9a39e
	- fabric-biome-api-v1 18.0.6+c7bd5b8e9e
	- fabric-block-api-v1 3.0.3+ec56b6019e
	- fabric-block-getter-api-v2 2.0.7+ec56b6019e
	- fabric-client-gametest-api-v1 5.1.0+db5795489e
	- fabric-command-api-v2 3.1.0+00cb03469e
	- fabric-content-registries-v0 11.2.2+b7a678a99e
	- fabric-convention-tags-v2 4.6.4+2aae60389e
	- fabric-crash-report-info-v1 1.0.5+086d547a9e
	- fabric-creative-tab-api-v1 5.0.14+d871b99e9e
	- fabric-data-attachment-api-v1 2.2.16+aa0fd6fe9e
	- fabric-data-generation-api-v1 25.4.2+5e56e5409e
	- fabric-debug-api-v1 1.0.2+c792624d9e
	- fabric-dimensions-v1 5.1.9+9cbf5da59e
	- fabric-entity-events-v1 5.0.5+06488ac19e
	- fabric-events-interaction-v0 5.2.6+8f57f7ee9e
	- fabric-game-rule-api-v1 4.0.8+46a6d00c9e
	- fabric-gametest-api-v1 4.0.21+4a7fa0819e
	- fabric-item-api-v1 14.1.6+0ecb053f9e
	- fabric-key-mapping-api-v1 2.0.5+e2bdee789e
	- fabric-lifecycle-events-v1 4.1.3+4575b05f9e
	- fabric-loot-api-v3 3.0.17+06488ac19e
	- fabric-menu-api-v1 2.0.16+086d547a9e
	- fabric-message-api-v1 7.0.7+086d547a9e
	- fabric-model-loading-api-v1 8.0.12+c80601bb9e
	- fabric-networking-api-v1 6.3.3+72073ef09e
	- fabric-object-builder-api-v1 24.0.6+46a6d00c9e
	- fabric-particles-v1 5.0.18+d1756aa99e
	- fabric-permission-api-v1 1.0.2+7c33558a9e
	- fabric-recipe-api-v1 9.0.20+11e1c9a39e
	- fabric-registry-sync-v0 7.1.0+c7bd5b8e9e
	- fabric-renderer-api-v1 14.0.2+93d3a2f59e
	- fabric-renderer-indigo 9.0.2+e73ab60d9e
	- fabric-rendering-fluids-v1 6.0.4+06488ac19e
	- fabric-rendering-v1 25.1.6+46a6d00c9e
	- fabric-resource-conditions-api-v1 6.1.0+10e9a28b9e
	- fabric-resource-loader-v0 3.3.20+4fc5413f9e
	- fabric-resource-loader-v1 2.0.13+9edec1269e
	- fabric-screen-api-v1 5.0.3+086d547a9e
	- fabric-serialization-api-v1 2.0.4+11a26f319e
	- fabric-sound-api-v1 2.0.5+11a26f319e
	- fabric-tag-api-v1 2.1.3+794df31d9e
	- fabric-transfer-api-v1 8.0.11+39b5a3929e
	- fabric-transitive-access-wideners-v1 8.1.3+e098252d9e
	- fabricloader 0.19.3
	- java 25
	- minecraft 26.2
	- mixinextras 0.5.4
[23:38:04] [main/INFO] (FabricLoader/Mixin) SpongePowered MIXIN Subsystem Version=0.8.7 Source=file:/C:/Users/Aldur/.gradle/caches/modules-2/files-2.1/net.fabricmc/sponge-mixin/0.17.3+mixin.0.8.7/41c4a3984a80f4679e759fb9f495587acc5cdac7/sponge-mixin-0.17.3+mixin.0.8.7.jar Service=Knot/Fabric Env=CLIENT
[23:38:04] [main/INFO] (FabricLoader/Mixin) Compatibility level set to JAVA_25
[23:38:05] [main/INFO] (FabricLoader/MixinExtras|Service) Initializing MixinExtras via com.llamalad7.mixinextras.service.MixinExtrasServiceImpl(version=0.5.4).
[23:38:06] [Datafixer Bootstrap #0/INFO] (Minecraft) 295 Datafixer optimizations took 285 milliseconds
[23:38:06] [main/ERROR] (HkeyPerformanceDataUtil) Unable to locate English counter names in registry Perflib 009. Counters may need to be rebuilt: 
com.sun.jna.platform.win32.Win32Exception: The parameter is incorrect.
	at knot//com.sun.jna.platform.win32.Advapi32Util.registryGetStringArray(Advapi32Util.java:921)
	at knot//com.sun.jna.platform.win32.Advapi32Util.registryGetStringArray(Advapi32Util.java:898)
	at knot//oshi.driver.windows.registry.HkeyPerformanceDataUtil.mapCounterIndicesFromRegistry(HkeyPerformanceDataUtil.java:274)
	at knot//oshi.driver.windows.registry.HkeyPerformanceDataUtil.<clinit>(HkeyPerformanceDataUtil.java:51)
	at knot//oshi.driver.windows.registry.ProcessPerformanceData.buildProcessMapFromRegistry(ProcessPerformanceData.java:45)
	at knot//oshi.software.os.windows.WindowsOperatingSystem.queryProcessMapFromRegistry(WindowsOperatingSystem.java:328)
	at knot//oshi.util.Memoizer$1.get(Memoizer.java:65)
	at knot//oshi.software.os.windows.WindowsOperatingSystem.processMapToList(WindowsOperatingSystem.java:298)
	at knot//oshi.software.os.windows.WindowsOperatingSystem.getProcess(WindowsOperatingSystem.java:292)
	at knot//oshi.software.os.OperatingSystem.getCurrentProcess(OperatingSystem.java:246)
	at knot//net.minecraft.SystemReport.lambda$putSoftware$0(SystemReport.java:116)
	at knot//net.minecraft.SystemReport.ignoreErrors(SystemReport.java:121)
	at knot//net.minecraft.SystemReport.putSoftware(SystemReport.java:116)
	at knot//net.minecraft.SystemReport.lambda$new$7(SystemReport.java:68)
	at knot//net.minecraft.SystemReport.ignoreErrors(SystemReport.java:121)
	at knot//net.minecraft.SystemReport.<init>(SystemReport.java:68)
	at knot//net.minecraft.CrashReport.<init>(CrashReport.java:35)
	at knot//net.minecraft.CrashReport.preload(CrashReport.java:252)
	at knot//net.minecraft.client.main.Main.main(Main.java:172)
	at net.fabricmc.loader.impl.game.minecraft.MinecraftGameProvider.launch(MinecraftGameProvider.java:514)
	at net.fabricmc.loader.impl.launch.knot.Knot.launch(Knot.java:72)
	at net.fabricmc.loader.impl.launch.knot.KnotClient.main(KnotClient.java:23)
	at net.fabricmc.devlaunchinjector.Main.main(Main.java:86)
[23:38:06] [main/WARN] (PerfCounterQuery) Unable to locate English counter names in registry Perflib 009. Assuming English counters. Error 0x80070057. See https://support.microsoft.com/en-us/help/300956/how-to-manually-rebuild-performance-counter-library-values
[23:38:06] [main/WARN] (Minecraft) Failed to get system info for Process Loads
java.lang.NullPointerException: Cannot invoke "oshi.software.os.OSProcess.getUserTime()" because "process" is null
	at knot//net.minecraft.SystemReport.lambda$putProcessDetails$0(SystemReport.java:190)
	at knot//net.minecraft.SystemReport.setDetail(SystemReport.java:96)
	at knot//net.minecraft.SystemReport.putProcessDetails(SystemReport.java:189)
	at knot//net.minecraft.SystemReport.lambda$putSoftware$0(SystemReport.java:116)
	at knot//net.minecraft.SystemReport.ignoreErrors(SystemReport.java:121)
	at knot//net.minecraft.SystemReport.putSoftware(SystemReport.java:116)
	at knot//net.minecraft.SystemReport.lambda$new$7(SystemReport.java:68)
	at knot//net.minecraft.SystemReport.ignoreErrors(SystemReport.java:121)
	at knot//net.minecraft.SystemReport.<init>(SystemReport.java:68)
	at knot//net.minecraft.CrashReport.<init>(CrashReport.java:35)
	at knot//net.minecraft.CrashReport.preload(CrashReport.java:252)
	at knot//net.minecraft.client.main.Main.main(Main.java:172)
	at net.fabricmc.loader.impl.game.minecraft.MinecraftGameProvider.launch(MinecraftGameProvider.java:514)
	at net.fabricmc.loader.impl.launch.knot.Knot.launch(Knot.java:72)
	at net.fabricmc.loader.impl.launch.knot.KnotClient.main(KnotClient.java:23)
	at net.fabricmc.devlaunchinjector.Main.main(Main.java:86)
[23:38:06] [main/WARN] (Minecraft) Failed to get system info for Process Virtual Size (MiB)
java.lang.NullPointerException: Cannot invoke "oshi.software.os.OSProcess.getVirtualSize()" because "process" is null
	at knot//net.minecraft.SystemReport.lambda$putProcessDetails$1(SystemReport.java:202)
	at knot//net.minecraft.SystemReport.setDetail(SystemReport.java:96)
	at knot//net.minecraft.SystemReport.putProcessDetails(SystemReport.java:202)
	at knot//net.minecraft.SystemReport.lambda$putSoftware$0(SystemReport.java:116)
	at knot//net.minecraft.SystemReport.ignoreErrors(SystemReport.java:121)
	at knot//net.minecraft.SystemReport.putSoftware(SystemReport.java:116)
	at knot//net.minecraft.SystemReport.lambda$new$7(SystemReport.java:68)
	at knot//net.minecraft.SystemReport.ignoreErrors(SystemReport.java:121)
	at knot//net.minecraft.SystemReport.<init>(SystemReport.java:68)
	at knot//net.minecraft.CrashReport.<init>(CrashReport.java:35)
	at knot//net.minecraft.CrashReport.preload(CrashReport.java:252)
	at knot//net.minecraft.client.main.Main.main(Main.java:172)
	at net.fabricmc.loader.impl.game.minecraft.MinecraftGameProvider.launch(MinecraftGameProvider.java:514)
	at net.fabricmc.loader.impl.launch.knot.Knot.launch(Knot.java:72)
	at net.fabricmc.loader.impl.launch.knot.KnotClient.main(KnotClient.java:23)
	at net.fabricmc.devlaunchinjector.Main.main(Main.java:86)
[23:38:06] [main/WARN] (Minecraft) Failed to get system info for Process Resident Size (MiB)
java.lang.NullPointerException: Cannot invoke "oshi.software.os.OSProcess.getResidentSetSize()" because "process" is null
	at knot//net.minecraft.SystemReport.lambda$putProcessDetails$2(SystemReport.java:203)
	at knot//net.minecraft.SystemReport.setDetail(SystemReport.java:96)
	at knot//net.minecraft.SystemReport.putProcessDetails(SystemReport.java:203)
	at knot//net.minecraft.SystemReport.lambda$putSoftware$0(SystemReport.java:116)
	at knot//net.minecraft.SystemReport.ignoreErrors(SystemReport.java:121)
	at knot//net.minecraft.SystemReport.putSoftware(SystemReport.java:116)
	at knot//net.minecraft.SystemReport.lambda$new$7(SystemReport.java:68)
	at knot//net.minecraft.SystemReport.ignoreErrors(SystemReport.java:121)
	at knot//net.minecraft.SystemReport.<init>(SystemReport.java:68)
	at knot//net.minecraft.CrashReport.<init>(CrashReport.java:35)
	at knot//net.minecraft.CrashReport.preload(CrashReport.java:252)
	at knot//net.minecraft.client.main.Main.main(Main.java:172)
	at net.fabricmc.loader.impl.game.minecraft.MinecraftGameProvider.launch(MinecraftGameProvider.java:514)
	at net.fabricmc.loader.impl.launch.knot.Knot.launch(Knot.java:72)
	at net.fabricmc.loader.impl.launch.knot.KnotClient.main(KnotClient.java:23)
	at net.fabricmc.devlaunchinjector.Main.main(Main.java:86)
[23:38:11] [Render thread/INFO] (Minecraft) Environment: Environment[sessionHost=https://sessionserver.mojang.com, servicesHost=https://api.minecraftservices.com, profilesHost=https://api.mojang.com, name=PROD]
[23:38:11] [Render thread/INFO] (Minecraft) Setting user: Player18
[23:38:11] [Render thread/INFO] (atelier) Atelier initialized.
[23:38:11] [Download-2/ERROR] (Minecraft) Failed to fetch user properties
com.mojang.authlib.exceptions.InvalidCredentialsException: Status: 401
	at knot//com.mojang.authlib.exceptions.MinecraftClientHttpException.toAuthenticationException(MinecraftClientHttpException.java:70)
	at knot//com.mojang.authlib.yggdrasil.YggdrasilUserApiService.fetchProperties(YggdrasilUserApiService.java:173)
	at knot//net.minecraft.client.Minecraft.lambda$new$1(Minecraft.java:438)
	at java.base/java.util.concurrent.CompletableFuture$AsyncSupply.run(CompletableFuture.java:1789)
	at java.base/java.util.concurrent.ThreadPoolExecutor.runWorker(ThreadPoolExecutor.java:1090)
	at java.base/java.util.concurrent.ThreadPoolExecutor$Worker.run(ThreadPoolExecutor.java:614)
	at java.base/java.lang.Thread.run(Thread.java:1474)
Caused by: MinecraftClientHttpException[type=HTTP_ERROR, status=401, response=ErrorResponse[path=/player/attributes, error=null, errorMessage=null, details=null]]
	at knot//com.mojang.authlib.minecraft.client.MinecraftClient.buildHttpException(MinecraftClient.java:170)
	at knot//com.mojang.authlib.minecraft.client.MinecraftClient.readServiceResponse(MinecraftClient.java:147)
	at knot//com.mojang.authlib.minecraft.client.MinecraftClient.getWithEtag(MinecraftClient.java:81)
	at knot//com.mojang.authlib.minecraft.client.MinecraftClient.get(MinecraftClient.java:65)
	at knot//com.mojang.authlib.yggdrasil.YggdrasilUserApiService.fetchProperties(YggdrasilUserApiService.java:123)
	... 5 more
[23:38:11] [Render thread/INFO] (Indigo) [Indigo] Registering Indigo renderer!
[23:38:12] [Render thread/INFO] (Minecraft) Backend library: LWJGL version 3.4.1-snapshot
[23:38:12] [Render thread/INFO] (Minecraft) Using graphics backend OpenGL, using drivers: 3.3.0 NVIDIA 610.62
[23:38:12] [Render thread/INFO] (Minecraft) Using graphics device: NVIDIA GeForce RTX 5060/PCIe/SSE2 (NVIDIA Corporation)
[23:38:12] [Render thread/INFO] (Minecraft) Using graphics device extensions: GL_ARB_multi_draw_indirect, GL_ARB_buffer_storage, GL_ARB_shader_draw_parameters, GL_ARB_base_instance, GL_KHR_debug, GL_ARB_draw_indirect, GL_ARB_clip_control, GL_ARB_vertex_attrib_binding, GL_ARB_direct_state_access, GL_EXT_texture_filter_anisotropic
[23:38:13] [Render thread/INFO] (Minecraft) Reloading ResourceManager: vanilla, atelier, fabric-api, fabric-api-base, fabric-api-lookup-api-v1, fabric-biome-api-v1, fabric-block-api-v1, fabric-block-getter-api-v2, fabric-client-gametest-api-v1, fabric-command-api-v2, fabric-content-registries-v0, fabric-convention-tags-v2, fabric-crash-report-info-v1, fabric-creative-tab-api-v1, fabric-data-attachment-api-v1, fabric-data-generation-api-v1, fabric-debug-api-v1, fabric-dimensions-v1, fabric-entity-events-v1, fabric-events-interaction-v0, fabric-game-rule-api-v1, fabric-gametest-api-v1, fabric-item-api-v1, fabric-key-mapping-api-v1, fabric-lifecycle-events-v1, fabric-loot-api-v3, fabric-menu-api-v1, fabric-message-api-v1, fabric-model-loading-api-v1, fabric-networking-api-v1, fabric-object-builder-api-v1, fabric-particles-v1, fabric-permission-api-v1, fabric-recipe-api-v1, fabric-registry-sync-v0, fabric-renderer-api-v1, fabric-renderer-indigo, fabric-rendering-fluids-v1, fabric-rendering-v1, fabric-resource-conditions-api-v1, fabric-resource-loader-v0, fabric-resource-loader-v1, fabric-screen-api-v1, fabric-serialization-api-v1, fabric-sound-api-v1, fabric-tag-api-v1, fabric-transfer-api-v1, fabric-transitive-access-wideners-v1, fabricloader
[23:38:13] [Download-2/INFO] (Minecraft) Could not authorize you against Realms server: java.lang.RuntimeException: Failed to parse into SignedJWT: FabricMC
[23:38:13] [Download-2/ERROR] (Minecraft) Failed to fetch Realms feature flags
com.mojang.realmsclient.exception.RealmsServiceException: Realms authentication error with message 'java.lang.RuntimeException: Failed to parse into SignedJWT: FabricMC'
	at knot//com.mojang.realmsclient.client.RealmsClient.execute(RealmsClient.java:528)
	at knot//com.mojang.realmsclient.client.RealmsClient.fetchFeatureFlags(RealmsClient.java:187)
	at java.base/java.util.concurrent.CompletableFuture$AsyncSupply.run(CompletableFuture.java:1789)
	at java.base/java.util.concurrent.ThreadPoolExecutor.runWorker(ThreadPoolExecutor.java:1090)
	at java.base/java.util.concurrent.ThreadPoolExecutor$Worker.run(ThreadPoolExecutor.java:614)
	at java.base/java.lang.Thread.run(Thread.java:1474)
[23:38:13] [Worker-Main-11/INFO] (Minecraft) Found unifont_pua-17.0.01.hex, loading
[23:38:13] [Worker-Main-4/INFO] (Minecraft) Found unifont_all_no_pua-17.0.01.hex, loading
[23:38:14] [Worker-Main-14/INFO] (Minecraft) Found unifont_jp_patch-17.0.01.hex, loading
[23:38:15] [Render thread/INFO] (Minecraft) OpenAL initialized on device OpenAL Soft on Speakers (2- Logitech G733 Gaming Headset)
[23:38:15] [Render thread/INFO] (Minecraft) Sound engine started
[23:38:15] [Render thread/INFO] (Minecraft) Created: 512x256x0 minecraft:textures/atlas/particles.png-atlas
[23:38:15] [Render thread/INFO] (Minecraft) Created: 128x128x0 minecraft:textures/atlas/decorated_pot.png-atlas
[23:38:15] [Render thread/INFO] (Minecraft) Created: 2048x1024x0 minecraft:textures/atlas/armor_trims.png-atlas
[23:38:15] [Render thread/INFO] (Minecraft) Created: 512x256x0 minecraft:textures/atlas/paintings.png-atlas
[23:38:15] [Render thread/INFO] (Minecraft) Created: 1024x512x0 minecraft:textures/atlas/shield_patterns.png-atlas
[23:38:15] [Render thread/INFO] (Minecraft) Created: 2048x2048x4 minecraft:textures/atlas/blocks.png-atlas
[23:38:15] [Render thread/INFO] (Minecraft) Created: 512x512x0 minecraft:textures/atlas/chest.png-atlas
[23:38:15] [Render thread/INFO] (Minecraft) Created: 256x128x0 minecraft:textures/atlas/celestials.png-atlas
[23:38:15] [Render thread/INFO] (Minecraft) Created: 1024x512x0 minecraft:textures/atlas/banner_patterns.png-atlas
[23:38:15] [Render thread/INFO] (Minecraft) Created: 1024x512x0 minecraft:textures/atlas/items.png-atlas
[23:38:15] [Render thread/INFO] (Minecraft) Created: 1024x1024x0 minecraft:textures/atlas/gui.png-atlas
[23:38:15] [Render thread/INFO] (Minecraft) Created: 128x64x0 minecraft:textures/atlas/map_decorations.png-atlas
[23:38:15] [Render thread/INFO] (Minecraft) Created: 512x512x0 minecraft:textures/atlas/shulker_boxes.png-atlas
[23:38:22] [Download-2/INFO] (Minecraft) Could not authorize you against Realms server: java.lang.RuntimeException: Failed to parse into SignedJWT: FabricMC
[23:38:22] [Download-2/ERROR] (Minecraft) Couldn't connect to realms
com.mojang.realmsclient.exception.RealmsServiceException: Realms authentication error with message 'java.lang.RuntimeException: Failed to parse into SignedJWT: FabricMC'
	at knot//com.mojang.realmsclient.client.RealmsClient.execute(RealmsClient.java:528)
	at knot//com.mojang.realmsclient.client.RealmsClient.clientCompatible(RealmsClient.java:308)
	at knot//com.mojang.realmsclient.RealmsAvailability.lambda$check$0(RealmsAvailability.java:48)
	at java.base/java.util.concurrent.CompletableFuture$AsyncSupply.run(CompletableFuture.java:1789)
	at java.base/java.util.concurrent.ThreadPoolExecutor.runWorker(ThreadPoolExecutor.java:1090)
	at java.base/java.util.concurrent.ThreadPoolExecutor$Worker.run(ThreadPoolExecutor.java:614)
	at java.base/java.lang.Thread.run(Thread.java:1474)
[23:38:26] [Render thread/INFO] (Minecraft) Loaded 1585 recipes
[23:38:26] [Render thread/INFO] (Minecraft) Loaded 1688 advancements
[23:38:29] [Render thread/INFO] (BiomeModificationImpl) Applied 0 biome modifications to 0 of 66 new biomes in 936.3 μs
[23:38:29] [Server thread/INFO] (Minecraft) Starting integrated minecraft server version 26.2
[23:38:29] [Server thread/INFO] (Minecraft) Generating keypair
[23:38:29] [Server thread/INFO] (Minecraft) Selecting global world spawn...
[23:38:31] [Server thread/INFO] (Minecraft) Loading 0 persistent chunks...
[23:38:31] [Server thread/INFO] (Minecraft) Preparing spawn area: 16%
[23:38:31] [Server thread/INFO] (Minecraft) Saving chunks for level 'ServerLevel[New World]'/minecraft:overworld
[23:38:31] [Server thread/INFO] (Minecraft) Saving chunks for level 'ServerLevel[New World]'/minecraft:the_nether
[23:38:31] [Server thread/INFO] (Minecraft) Saving chunks for level 'ServerLevel[New World]'/minecraft:the_end
[23:38:31] [Server thread/INFO] (Minecraft) ThreadedAnvilChunkStorage (world): All chunks are saved
[23:38:31] [Server thread/INFO] (Minecraft) ThreadedAnvilChunkStorage (DIM-1): All chunks are saved
[23:38:31] [Server thread/INFO] (Minecraft) ThreadedAnvilChunkStorage (DIM1): All chunks are saved
[23:38:31] [Server thread/INFO] (Minecraft) ThreadedAnvilChunkStorage: All dimensions are saved
[23:38:32] [Server thread/INFO] (Minecraft) Loading 48 chunks for player spawn...
[23:38:32] [Server thread/INFO] (Minecraft) Preparing spawn area: 16%
[23:38:32] [Server thread/INFO] (Minecraft) Preparing spawn area: 16%
[23:38:32] [Server thread/INFO] (Minecraft) Preparing spawn area: 16%
[23:38:32] [Server thread/INFO] (Minecraft) Preparing spawn area: 16%
[23:38:32] [Server thread/INFO] (Minecraft) Preparing spawn area: 16%
[23:38:33] [Server thread/INFO] (Minecraft) Preparing spawn area: 16%
[23:38:33] [Server thread/INFO] (Minecraft) Preparing spawn area: 30%
[23:38:34] [Server thread/INFO] (Minecraft) Preparing spawn area: 58%
[23:38:34] [Server thread/INFO] (Minecraft) Preparing spawn area: 58%
[23:38:34] [Server thread/INFO] (Minecraft) Time elapsed: 4618 ms
[23:38:34] [Server thread/INFO] (Minecraft) Player18[local:E:22d14d2c] logged in with entity id 29 at (2.5, 73.0, 2.5)
[23:38:34] [Server thread/INFO] (Minecraft) Player18 joined the game
[23:38:34] [Server thread/INFO] (Minecraft) Changing view distance to 16, from 10
[23:38:34] [Server thread/INFO] (Minecraft) Changing simulation distance to 12, from 0
[23:38:34] [Download-2/ERROR] (Minecraft) Failed to retrieve profile key pair
MinecraftClientHttpException[type=HTTP_ERROR, status=401, response=ErrorResponse[path=/player/certificates, error=null, errorMessage=null, details=null]]
	at knot//com.mojang.authlib.minecraft.client.MinecraftClient.buildHttpException(MinecraftClient.java:170)
	at knot//com.mojang.authlib.minecraft.client.MinecraftClient.readServiceResponse(MinecraftClient.java:147)
	at knot//com.mojang.authlib.minecraft.client.MinecraftClient.post(MinecraftClient.java:89)
	at knot//com.mojang.authlib.yggdrasil.YggdrasilUserApiService.getKeyPair(YggdrasilUserApiService.java:62)
	at knot//net.minecraft.client.multiplayer.AccountProfileKeyPairManager.fetchProfileKeyPair(AccountProfileKeyPairManager.java:128)
	at knot//net.minecraft.client.multiplayer.AccountProfileKeyPairManager.lambda$readOrFetchProfileKeyPair$0(AccountProfileKeyPairManager.java:77)
	at java.base/java.util.concurrent.CompletableFuture$AsyncSupply.run(CompletableFuture.java:1789)
	at java.base/java.util.concurrent.ThreadPoolExecutor.runWorker(ThreadPoolExecutor.java:1090)
	at java.base/java.util.concurrent.ThreadPoolExecutor$Worker.run(ThreadPoolExecutor.java:614)
	at java.base/java.lang.Thread.run(Thread.java:1474)
[23:38:34] [Render thread/INFO] (Minecraft) Resizing Dynamic Transforms UBO, capacity limit of 2 reached during a single frame. New capacity will be 4.
[23:38:34] [Render thread/INFO] (Minecraft) Loaded 2 advancements
[23:38:35] [Render thread/INFO] (Minecraft) Resizing Dynamic Transforms UBO, capacity limit of 4 reached during a single frame. New capacity will be 8.
[23:38:35] [Render thread/INFO] (Minecraft) Resizing Dynamic Transforms UBO, capacity limit of 8 reached during a single frame. New capacity will be 16.
[23:38:35] [Render thread/INFO] (Minecraft) Resizing Chunk Sections UBO, capacity limit of 2 reached during a single frame. New capacity will be 4.
[23:38:35] [Render thread/INFO] (Minecraft) Resizing Chunk Sections UBO, capacity limit of 4 reached during a single frame. New capacity will be 8.
[23:38:35] [Render thread/INFO] (Minecraft) Resizing Chunk Sections UBO, capacity limit of 8 reached during a single frame. New capacity will be 16.
[23:38:35] [Server thread/INFO] (Minecraft) Saving and pausing game...
[23:38:35] [Server thread/INFO] (Minecraft) Saving chunks for level 'ServerLevel[New World]'/minecraft:overworld
[23:38:35] [Server thread/INFO] (Minecraft) Saving chunks for level 'ServerLevel[New World]'/minecraft:the_nether
[23:38:35] [Server thread/INFO] (Minecraft) Saving chunks for level 'ServerLevel[New World]'/minecraft:the_end
[23:38:41] [Render thread/INFO] (Minecraft) Resizing Chunk Sections UBO, capacity limit of 16 reached during a single frame. New capacity will be 32.
[23:38:41] [Render thread/INFO] (Minecraft) Resizing Chunk Sections UBO, capacity limit of 32 reached during a single frame. New capacity will be 64.
[23:38:41] [Render thread/INFO] (Minecraft) Resizing Chunk Sections UBO, capacity limit of 64 reached during a single frame. New capacity will be 128.
[23:38:41] [Render thread/INFO] (Minecraft) Resizing Chunk Sections UBO, capacity limit of 128 reached during a single frame. New capacity will be 256.
[23:38:44] [Render thread/INFO] (Minecraft) Resizing Chunk Sections UBO, capacity limit of 256 reached during a single frame. New capacity will be 512.
[23:38:51] [Render thread/INFO] (Minecraft) Resizing Chunk Sections UBO, capacity limit of 512 reached during a single frame. New capacity will be 1024.
[23:40:19] [Server thread/INFO] (Minecraft) [Player18: Set own game mode to Survival Mode]
[23:40:19] [Render thread/INFO] (Minecraft) [System] [CHAT] Set own game mode to Survival Mode
[23:43:41] [Server thread/INFO] (Minecraft) [Player18: Set own game mode to Creative Mode]
[23:43:41] [Render thread/INFO] (Minecraft) [System] [CHAT] Set own game mode to Creative Mode
[23:44:09] [Server thread/INFO] (Minecraft) [Player18: Set own game mode to Survival Mode]
[23:44:09] [Render thread/INFO] (Minecraft) [System] [CHAT] Set own game mode to Survival Mode
[23:44:15] [Server thread/INFO] (Minecraft) [Player18: Set own game mode to Creative Mode]
[23:44:15] [Render thread/INFO] (Minecraft) [System] [CHAT] Set own game mode to Creative Mode
[23:44:19] [Server thread/INFO] (Minecraft) [Player18: Set own game mode to Survival Mode]
[23:44:19] [Render thread/INFO] (Minecraft) [System] [CHAT] Set own game mode to Survival Mode
[23:46:08] [Server thread/INFO] (Minecraft) Saving and pausing game...
[23:46:08] [Server thread/INFO] (Minecraft) Saving chunks for level 'ServerLevel[New World]'/minecraft:overworld
[23:46:08] [Server thread/INFO] (Minecraft) Saving chunks for level 'ServerLevel[New World]'/minecraft:the_nether
[23:46:08] [Server thread/INFO] (Minecraft) Saving chunks for level 'ServerLevel[New World]'/minecraft:the_end
[23:46:09] [Server thread/INFO] (Minecraft) Stopping server
[23:46:09] [Server thread/INFO] (Minecraft) Saving players
[23:46:10] [Server thread/INFO] (Minecraft) Player18 lost connection: Disconnected
[23:46:10] [Server thread/INFO] (Minecraft) Player18 left the game
[23:46:10] [Server thread/INFO] (Minecraft) Stopping singleplayer server as player logged out
[23:46:10] [Server thread/INFO] (Minecraft) Saving worlds
[23:46:10] [Server thread/INFO] (Minecraft) Saving chunks for level 'ServerLevel[New World]'/minecraft:overworld
[23:46:11] [Server thread/INFO] (Minecraft) Saving chunks for level 'ServerLevel[New World]'/minecraft:the_nether
[23:46:11] [Server thread/INFO] (Minecraft) Saving chunks for level 'ServerLevel[New World]'/minecraft:the_end
[23:46:11] [Server thread/INFO] (Minecraft) ThreadedAnvilChunkStorage (world): All chunks are saved
[23:46:11] [Server thread/INFO] (Minecraft) ThreadedAnvilChunkStorage (DIM-1): All chunks are saved
[23:46:11] [Server thread/INFO] (Minecraft) ThreadedAnvilChunkStorage (DIM1): All chunks are saved
[23:46:11] [Server thread/INFO] (Minecraft) ThreadedAnvilChunkStorage: All dimensions are saved
[23:46:14] [Render thread/INFO] (Minecraft) Stopping!
